<?xml version="1.0" encoding="UTF-8"?>
<coverage generated="1632938002335" clover="3.2.0">
  <project timestamp="1632938002336" name="All files">
    <metrics statements="8" coveredstatements="8" conditionals="3" coveredconditionals="1" methods="1" coveredmethods="1" elements="12" coveredelements="10" complexity="0" loc="8" ncloc="8" packages="1" files="1" classes="1"/>
    <file name="validation.ts" path="/Users/rp/Documents/Projects/Stout/static/js/validation.ts">
      <metrics statements="8" coveredstatements="8" conditionals="3" coveredconditionals="1" methods="1" coveredmethods="1"/>
      <line num="1" count="1" type="cond" truecount="1" falsecount="0"/>
      <line num="2" count="1" type="stmt"/>
      <line num="3" count="1" type="cond" truecount="0" falsecount="1"/>
      <line num="4" count="1" type="stmt"/>
      <line num="5" count="1" type="stmt"/>
      <line num="6" count="1" type="stmt"/>
      <line num="7" count="1" type="cond" truecount="0" falsecount="1"/>
      <line num="8" count="1" type="stmt"/>
    </file>
  </project>
</coverage>
