{"/Users/rp/Documents/Projects/Stout/static/js/validation.ts": {"path":"/Users/rp/Documents/Projects/Stout/static/js/validation.ts","all":false,"statementMap":{"0":{"start":{"line":1,"column":0},"end":{"line":1,"column":39}},"1":{"start":{"line":2,"column":0},"end":{"line":2,"column":92}},"2":{"start":{"line":3,"column":0},"end":{"line":3,"column":104}},"3":{"start":{"line":4,"column":0},"end":{"line":4,"column":54}},"4":{"start":{"line":5,"column":0},"end":{"line":5,"column":53}},"5":{"start":{"line":6,"column":0},"end":{"line":6,"column":4}},"6":{"start":{"line":7,"column":0},"end":{"line":7,"column":51}},"7":{"start":{"line":8,"column":0},"end":{"line":8,"column":1}}},"s":{"0":1,"1":1,"2":1,"3":1,"4":1,"5":1,"6":1,"7":1},"branchMap":{"0":{"type":"branch","line":1,"loc":{"start":{"line":1,"column":32},"end":{"line":8,"column":1}},"locations":[{"start":{"line":1,"column":32},"end":{"line":8,"column":1}}]},"1":{"type":"branch","line":3,"loc":{"start":{"line":3,"column":30},"end":{"line":3,"column":104}},"locations":[{"start":{"line":3,"column":30},"end":{"line":3,"column":104}}]},"2":{"type":"branch","line":7,"loc":{"start":{"line":7,"column":11},"end":{"line":7,"column":51}},"locations":[{"start":{"line":7,"column":11},"end":{"line":7,"column":51}}]}},"b":{"0":[1],"1":[0],"2":[0]},"fnMap":{"0":{"name":"validateCKeditor","decl":{"start":{"line":1,"column":32},"end":{"line":8,"column":1}},"loc":{"start":{"line":1,"column":32},"end":{"line":8,"column":1}},"line":1}},"f":{"0":1}}
}
